This is pdfTeXk, Version 3.141592-1.40.3 (Web2C 7.5.6) (format=latex 2012.9.16)  23 APR 2013 17:57
entering extended mode
 %&-line parsing enabled.
**main.tex
(./main.tex
LaTeX2e <2005/12/01>
Babel <v3.8h> and hyphenation patterns for english, usenglishmax, dumylang, noh
yphenation, arabic, basque, bulgarian, coptic, welsh, czech, slovak, german, ng
erman, danish, esperanto, spanish, catalan, galician, estonian, farsi, finnish,
 french, greek, monogreek, ancientgreek, croatian, hungarian, interlingua, ibyc
us, indonesian, icelandic, italian, latin, mongolian, dutch, norsk, polish, por
tuguese, pinyin, romanian, russian, slovenian, uppersorbian, serbian, swedish, 
turkish, ukenglish, ukrainian, loaded.
(/usr/share/texmf/tex/latex/base/report.cls
Document Class: report 2005/09/16 v1.4f Standard LaTeX document class
(/usr/share/texmf/tex/latex/base/size12.clo
File: size12.clo 2005/09/16 v1.4f Standard LaTeX file (size option)
)
\c@part=\count79
\c@chapter=\count80
\c@section=\count81
\c@subsection=\count82
\c@subsubsection=\count83
\c@paragraph=\count84
\c@subparagraph=\count85
\c@figure=\count86
\c@table=\count87
\abovecaptionskip=\skip41
\belowcaptionskip=\skip42
\bibindent=\dimen102
)
(/usr/share/texmf/tex/generic/babel/babel.sty
Package: babel 2005/11/23 v3.8h The Babel package

(/usr/share/texmf/tex/generic/babel/english.ldf
Language: english 2005/03/30 v3.3o English support from the babel system

(/usr/share/texmf/tex/generic/babel/babel.def
File: babel.def 2005/11/23 v3.8h Babel common definitions
\babel@savecnt=\count88
\U@D=\dimen103
)
\l@british = a dialect from \language\l@english 
\l@UKenglish = a dialect from \language\l@english 
\l@canadian = a dialect from \language\l@american 
\l@australian = a dialect from \language\l@british 
\l@newzealand = a dialect from \language\l@british 
))
(/usr/share/texmf/tex/latex/graphics/graphicx.sty
Package: graphicx 1999/02/16 v1.0f Enhanced LaTeX Graphics (DPC,SPQR)

(/usr/share/texmf/tex/latex/graphics/keyval.sty
Package: keyval 1999/03/16 v1.13 key=value parser (DPC)
\KV@toks@=\toks14
)
(/usr/share/texmf/tex/latex/graphics/graphics.sty
Package: graphics 2006/02/20 v1.0o Standard LaTeX Graphics (DPC,SPQR)

(/usr/share/texmf/tex/latex/graphics/trig.sty
Package: trig 1999/03/16 v1.09 sin cos tan (DPC)
)
(/usr/share/texmf/tex/latex/config/graphics.cfg
File: graphics.cfg 2007/01/18 v1.5 graphics configuration of teTeX/TeXLive
)
Package graphics Info: Driver file: dvips.def on input line 90.

(/usr/share/texmf/tex/latex/graphics/dvips.def
File: dvips.def 1999/02/16 v3.0i Driver-dependant file (DPC,SPQR)
))
\Gin@req@height=\dimen104
\Gin@req@width=\dimen105
)
(/usr/share/texmf/tex/latex/caption/caption.sty
Package: caption 2007/01/07 v3.0k Customising captions (AR)

(/usr/share/texmf/tex/latex/caption/caption3.sty
Package: caption3 2007/01/07 v3.0k caption3 kernel (AR)
\captionmargin=\dimen106
\captionmarginx=\dimen107
\captionwidth=\dimen108
\captionindent=\dimen109
\captionparindent=\dimen110
\captionhangindent=\dimen111
))
(/usr/share/texmf/tex/latex/subfigure/subfigure.sty
Package: subfigure 2002/03/15 v2.1.5 subfigure package
\subfigtopskip=\skip43
\subfigcapskip=\skip44
\subfigcaptopadj=\dimen112
\subfigbottomskip=\skip45
\subfigcapmargin=\dimen113
\subfiglabelskip=\skip46
\c@subfigure=\count89
\c@lofdepth=\count90
\c@subtable=\count91
\c@lotdepth=\count92

****************************************
* Local config file subfigure.cfg used *
****************************************
(/usr/share/texmf/tex/latex/subfigure/subfigure.cfg)
\subfig@top=\skip47
\subfig@bottom=\skip48
)
(/usr/share/texmf/tex/latex/float/float.sty
Package: float 2001/11/08 v1.3d Float enhancements (AL)
\c@float@type=\count93
\float@exts=\toks15
\float@box=\box26
\@float@everytoks=\toks16
\@floatcapt=\box27
)
(/usr/share/texmf/tex/latex/amsmath/amsmath.sty
Package: amsmath 2000/07/18 v2.13 AMS math features
\@mathmargin=\skip49

For additional information on amsmath, use the `?' option.
(/usr/share/texmf/tex/latex/amsmath/amstext.sty
Package: amstext 2000/06/29 v2.01

(/usr/share/texmf/tex/latex/amsmath/amsgen.sty
File: amsgen.sty 1999/11/30 v2.0
\@emptytoks=\toks17
\ex@=\dimen114
))
(/usr/share/texmf/tex/latex/amsmath/amsbsy.sty
Package: amsbsy 1999/11/29 v1.2d
\pmbraise@=\dimen115
)
(/usr/share/texmf/tex/latex/amsmath/amsopn.sty
Package: amsopn 1999/12/14 v2.01 operator names
)
\inf@bad=\count94
LaTeX Info: Redefining \frac on input line 211.
\uproot@=\count95
\leftroot@=\count96
LaTeX Info: Redefining \overline on input line 307.
\classnum@=\count97
\DOTSCASE@=\count98
LaTeX Info: Redefining \ldots on input line 379.
LaTeX Info: Redefining \dots on input line 382.
LaTeX Info: Redefining \cdots on input line 467.
\Mathstrutbox@=\box28
\strutbox@=\box29
\big@size=\dimen116
LaTeX Font Info:    Redeclaring font encoding OML on input line 567.
LaTeX Font Info:    Redeclaring font encoding OMS on input line 568.
\macc@depth=\count99
\c@MaxMatrixCols=\count100
\dotsspace@=\muskip10
\c@parentequation=\count101
\dspbrk@lvl=\count102
\tag@help=\toks18
\row@=\count103
\column@=\count104
\maxfields@=\count105
\andhelp@=\toks19
\eqnshift@=\dimen117
\alignsep@=\dimen118
\tagshift@=\dimen119
\tagwidth@=\dimen120
\totwidth@=\dimen121
\lineht@=\dimen122
\@envbody=\toks20
\multlinegap=\skip50
\multlinetaggap=\skip51
\mathdisplay@stack=\toks21
LaTeX Info: Redefining \[ on input line 2666.
LaTeX Info: Redefining \] on input line 2667.
) (./main.aux)
\openout1 = `main.aux'.

LaTeX Font Info:    Checking defaults for OML/cmm/m/it on input line 12.
LaTeX Font Info:    ... okay on input line 12.
LaTeX Font Info:    Checking defaults for T1/cmr/m/n on input line 12.
LaTeX Font Info:    ... okay on input line 12.
LaTeX Font Info:    Checking defaults for OT1/cmr/m/n on input line 12.
LaTeX Font Info:    ... okay on input line 12.
LaTeX Font Info:    Checking defaults for OMS/cmsy/m/n on input line 12.
LaTeX Font Info:    ... okay on input line 12.
LaTeX Font Info:    Checking defaults for OMX/cmex/m/n on input line 12.
LaTeX Font Info:    ... okay on input line 12.
LaTeX Font Info:    Checking defaults for U/cmr/m/n on input line 12.
LaTeX Font Info:    ... okay on input line 12.

(/usr/share/texmf/tex/latex/ragged2e/ragged2e.sty
Package: ragged2e 2003/03/25 v2.04 ragged2e Package (MS)

(/usr/share/texmf/tex/latex/everysel/everysel.sty
Package: everysel 1999/06/08 v1.03 EverySelectfont Package (MS)
LaTeX Info: Redefining \selectfont on input line 125.
)
\CenteringLeftskip=\skip52
\RaggedLeftLeftskip=\skip53
\RaggedRightLeftskip=\skip54
\CenteringRightskip=\skip55
\RaggedLeftRightskip=\skip56
\RaggedRightRightskip=\skip57
\CenteringParfillskip=\skip58
\RaggedLeftParfillskip=\skip59
\RaggedRightParfillskip=\skip60
\JustifyingParfillskip=\skip61
\CenteringParindent=\skip62
\RaggedLeftParindent=\skip63
\RaggedRightParindent=\skip64
\JustifyingParindent=\skip65
)
Package caption Info: float package v1.3 (or newer) detected on input line 12.
 [1

]
(./abstract/abstract.tex [1]) (./main.toc [1

])
\tf@toc=\write3
\openout3 = `main.toc'.

 (./intro/intro.tex [2]
Chapter 1.
) (./blazon/blazon.tex [3

]
Chapter 2.
[4

] [5]
File: blazon/images/vert.eps Graphic file (type eps)
 <blazon/images/vert.eps>
File: blazon/images/or.eps Graphic file (type eps)
 <blazon/images/or.eps>
File: blazon/images/azure.eps Graphic file (type eps)

<blazon/images/azure.eps>
File: blazon/images/gules.eps Graphic file (type eps)
 <blazon/images/gules.eps> [6] [7]
File: blazon/images/fess.eps Graphic file (type eps)

<blazon/images/fess.eps>
File: blazon/images/pale.eps Graphic file (type eps)
 <blazon/images/pale.eps>
File: blazon/images/bend2.eps Graphic file (type eps)
 <blazon/images/bend2.eps>
File: blazon/images/bendsinister.eps Graphic file (type eps)

<blazon/images/bendsinister.eps>
Overfull \hbox (2.61108pt too wide) in paragraph at lines 100--108
[][]  []
 []


Overfull \hbox (2.61108pt too wide) in paragraph at lines 100--108
[]  []
 []


Underfull \hbox (badness 10000) in paragraph at lines 100--108

 []

File: blazon/images/cheveron.eps Graphic file (type eps)
<blazon/images/cheveron.eps>
File: blazon/images/pall.eps Graphic file (type eps)
 <blazon/images/pall.eps>
File: blazon/images/cross.eps Graphic file (type eps)

<blazon/images/cross.eps>
File: blazon/images/saltire.eps Graphic file (type eps)
 <blazon/images/saltire.eps>
Overfull \hbox (2.61108pt too wide) in paragraph at lines 112--120
[][]  []
 []


Overfull \hbox (2.61108pt too wide) in paragraph at lines 112--120
[]  []
 []


Underfull \hbox (badness 10000) in paragraph at lines 112--120

 []

[8] [9]
File: blazon/images/emptyfield.eps Graphic file (type eps)
 <blazon/images/emptyfield.eps>
File: blazon/images/bend.eps Graphic file (type eps)
 <blazon/images/bend.eps>
File: blazon/images/halfdoneperbendgulesandazure.eps Graphic file (type eps)

<blazon/images/halfdoneperbendgulesandazure.eps>
File: blazon/images/perbendgulesandazure.eps Graphic file (type eps)

<blazon/images/perbendgulesandazure.eps>
File: blazon/images/bendsinisterargentandvert.eps Graphic file (type eps)

<blazon/images/bendsinisterargentandvert.eps>
File: blazon/images/perfessazureandor.eps Graphic file (type eps)

<blazon/images/perfessazureandor.eps> [10] [11]
File: blazon/images/emptyfield.eps Graphic file (type eps)
 <blazon/images/emptyfield.eps>
File: blazon/images/bend.eps Graphic file (type eps)

<blazon/images/bend.eps>
Underfull \hbox (badness 1527) in paragraph at lines 178--178
[]\OT1/cmr/m/n/10 (b) \OT1/cmr/m/it/10 "The Field has been par-ti-tioned Per
 []

File: blazon/images/subpartition4.eps Graphic file (type eps)
<blazon/images/subpartition4.eps>
File: blazon/images/subpartition5.eps Graphic file (type eps)
 <blazon/images/subpartition5.eps>
Overfull \hbox (2.61108pt too wide) in paragraph at lines 176--184
[][]  []
 []


Overfull \hbox (2.61108pt too wide) in paragraph at lines 176--184
[]  []
 []


Underfull \hbox (badness 10000) in paragraph at lines 176--184

 []

[12]
File: blazon/images/subpartition6.eps Graphic file (type eps)
 <blazon/images/subpartition6.eps>
File: blazon/images/subpartition7.eps Graphic file (type eps)
 <blazon/images/subpartition7.eps>
File: blazon/images/subpartition8.eps Graphic file (type eps)

<blazon/images/subpartition8.eps>
Underfull \hbox (badness 10000) in paragraph at lines 192--192
[]\OT1/cmr/m/n/10 (g) \OT1/cmr/m/it/10 "The re-main-ing Sub-Field is Sub-
 []

File: blazon/images/perbendperpalesableandargentperfessorandgules.eps Graphic f
ile (type eps)
<blazon/images/perbendperpalesableandargentperfessorandgules.eps>
Overfull \hbox (2.61108pt too wide) in paragraph at lines 188--196
[][]  []
 []


Overfull \hbox (2.61108pt too wide) in paragraph at lines 188--196
[]  []
 []


Underfull \hbox (badness 10000) in paragraph at lines 188--196

 []

[13] [14]
File: blazon/images/linetypes.eps Graphic file (type eps)
 <blazon/images/linetypes.eps> [15]
File: blazon/images/rampant.eps Graphic file (type eps)
 <blazon/images/rampant.eps>
File: blazon/images/passant.eps Graphic file (type eps)

<blazon/images/passant.eps>
Overfull \hbox (27.41638pt too wide) in paragraph at lines 242--246
[][]  []
 []


Underfull \hbox (badness 10000) in paragraph at lines 242--246

 []

[16] [17]
File: blazon/images/perpaleazureacrossargent.eps Graphic file (type eps)
 <blazon/images/perpaleazureacrossargent.eps> [18] [19]
File: blazon/images/countercharged.eps Graphic file (type eps)

<blazon/images/countercharged.eps>
File: blazon/images/sides.eps Graphic file (type eps)
 <blazon/images/sides.eps> [20]
File: blazon/images/purse.eps Graphic file (type eps)

<blazon/images/purse.eps> [21] [22]
File: blazon/images/checky.eps Graphic file (type eps)
 <blazon/images/checky.eps>
File: blazon/images/paly.eps Graphic file (type eps)

<blazon/images/paly.eps>
Overfull \hbox (2.61108pt too wide) in paragraph at lines 325--329
[][]  []
 []


Underfull \hbox (badness 10000) in paragraph at lines 325--329

 []

) (./grammar/grammar.tex [23]
Chapter 3.
[24

]
Overfull \hbox (54.21834pt too wide) in paragraph at lines 35--52
\OML/cmm/m/it/12 Ordinary \OMS/cmsy/m/n/12 ! \OML/cmm/m/it/12 Fess\OMS/cmsy/m/n
/12 j\OML/cmm/m/it/12 Bar\OMS/cmsy/m/n/12 j\OML/cmm/m/it/12 Bend\OMS/cmsy/m/n/1
2 j\OML/cmm/m/it/12 BendSinister\OMS/cmsy/m/n/12 j\OML/cmm/m/it/12 Pale\OMS/cms
y/m/n/12 j\OML/cmm/m/it/12 Chief\OMS/cmsy/m/n/12 j\OML/cmm/m/it/12 Base\OMS/cms
y/m/n/12 j\OML/cmm/m/it/12 Cross\OMS/cmsy/m/n/12 j\OML/cmm/m/it/12 Saltire\OMS/
cmsy/m/n/12 j\OML/cmm/m/it/12 Chevron[] 
 []

) (./parsing/parsing.tex [25]
Chapter 4.
) (./graphics/graphics.tex [26

]
Chapter 5.
) (./design/design.tex [27

]
Chapter 6.
) (./bib/bib.tex [28

]
Underfull \hbox (badness 10000) in paragraph at lines 4--8
[]\OT1/cmr/m/n/12 Mark E. Shoul-son The py-Bla-zon wiki,
 []


Underfull \hbox (badness 2653) in paragraph at lines 4--8
\OT1/cmr/m/n/12 https://code.google.com/p/pyblazon/wiki/PartyPer , Febuary 4th
 []


Underfull \hbox (badness 10000) in paragraph at lines 22--27
[]\OT1/cmr/m/n/12 Author: So-da-can, The Wiki-me-dia Com-mons, De-
 []


Underfull \hbox (badness 10000) in paragraph at lines 22--27
\OT1/cmr/m/n/12 scrip-tion: A Heraldic Lion in Ram-pant At-ti-tude
 []


Overfull \hbox (24.62292pt too wide) in paragraph at lines 22--27
\OT1/cmr/m/n/12 http://upload.wikimedia.org/wikipedia/commons/7/75/Lion[]Rampan
t.svg
 []


Underfull \hbox (badness 10000) in paragraph at lines 29--34
[]\OT1/cmr/m/n/12 Author: So-da-can, The Wiki-me-dia Com-mons, De-
 []


Underfull \hbox (badness 10000) in paragraph at lines 29--34
\OT1/cmr/m/n/12 scrip-tion: A Heraldic Lion in Pas-sant At-ti-tude,
 []


Overfull \hbox (12.02444pt too wide) in paragraph at lines 29--34
\OT1/cmr/m/n/12 http://upload.wikimedia.org/wikipedia/commons/f/f3/Lion[]Passan
t.svg
 []


Underfull \hbox (badness 10000) in paragraph at lines 36--40
[]\OT1/cmr/m/n/12 Adapted from: Phe-lan and Vanora, March 1 1989,
 []

) [29

] (./main.aux) ) 
Here is how much of TeX's memory you used:
 2261 strings out of 256217
 30279 string characters out of 1917095
 84164 words of memory out of 1500000
 5483 multiletter control sequences out of 10000+200000
 10925 words of font info for 39 fonts, out of 1200000 for 2000
 645 hyphenation exceptions out of 8191
 35i,8n,38p,920b,291s stack positions out of 5000i,500n,6000p,200000b,15000s

Output written on main.dvi (31 pages, 52656 bytes).
