\BOOKMARK [0][-]{chapter.1}{Introduction}{}
\BOOKMARK [1][-]{section.1.1}{Aims}{chapter.1}
\BOOKMARK [1][-]{section.1.2}{Achievable}{chapter.1}
\BOOKMARK [1][-]{section.1.3}{Limitations}{chapter.1}
\BOOKMARK [0][-]{chapter.2}{What is Blazon?}{}
\BOOKMARK [1][-]{section.2.1}{The Seven Tinctures}{chapter.2}
\BOOKMARK [1][-]{section.2.2}{Furs}{chapter.2}
\BOOKMARK [1][-]{section.2.3}{Fields}{chapter.2}
\BOOKMARK [1][-]{section.2.4}{How to Blazon a Coat of Arms: Part One}{chapter.2}
\BOOKMARK [1][-]{section.2.5}{Partitioning a Field}{chapter.2}
\BOOKMARK [1][-]{section.2.6}{How to Blazon a Coat of Arms: Part Two}{chapter.2}
\BOOKMARK [1][-]{section.2.7}{Sub-Partitioning}{chapter.2}
\BOOKMARK [1][-]{section.2.8}{How to Blazon a Coat of Arms: Part Three}{chapter.2}
\BOOKMARK [1][-]{section.2.9}{Line Types}{chapter.2}
\BOOKMARK [1][-]{section.2.10}{Charges}{chapter.2}
\BOOKMARK [1][-]{section.2.11}{The Rule of Tincture}{chapter.2}
\BOOKMARK [1][-]{section.2.12}{How to Blazon a Coat of Arms: Part Four}{chapter.2}
\BOOKMARK [1][-]{section.2.13}{Directions and Sides}{chapter.2}
\BOOKMARK [1][-]{section.2.14}{Overall}{chapter.2}
\BOOKMARK [1][-]{section.2.15}{Counter-Charging}{chapter.2}
\BOOKMARK [0][-]{chapter.3}{Defining a Grammar for Blazon}{}
\BOOKMARK [1][-]{section.3.1}{What is a grammar?}{chapter.3}
\BOOKMARK [1][-]{section.3.2}{Context Free Blazon}{chapter.3}
\BOOKMARK [1][-]{section.3.3}{Formatting Input}{chapter.3}
\BOOKMARK [1][-]{section.3.4}{Tokenizing Strings}{chapter.3}
\BOOKMARK [0][-]{chapter.4}{Parsing}{}
\BOOKMARK [0][-]{chapter.5}{Graphical Representations}{}
\BOOKMARK [0][-]{chapter.6}{Design}{}
